<?xml version="1.0" encoding="UTF-8"?>
<!-- Generated by org.testng.reporters.JUnitXMLReporter -->
<testsuite hostname="Farrukhs-MBP.fios-router.home" ignored="1" name="Personal Loan" tests="9" failures="1" timestamp="2020-08-03T16:01:22 EDT" time="0.075" errors="0">
  <testcase name="MobileLogincarLoan" time="0.005" classname="seleniumTest.Project.day3TestNg"/>
  <testcase name="Demo" time="0.008" classname="seleniumTest.Project.day1TestNg">
    <failure type="java.lang.AssertionError" message="expected [true] but found [false]">
      <![CDATA[java.lang.AssertionError: expected [true] but found [false]
at seleniumTest.Project.day1TestNg.Demo(day1TestNg.java:20)
at java.util.ArrayList.forEach(ArrayList.java:1257)
at java.util.concurrent.FutureTask.run(FutureTask.java:266)
at java.util.concurrent.ThreadPoolExecutor.runWorker(ThreadPoolExecutor.java:1149)
at java.util.concurrent.ThreadPoolExecutor$Worker.run(ThreadPoolExecutor.java:624)
at java.lang.Thread.run(Thread.java:748)
... Removed 22 stack frames]]>
    </failure>
  </testcase> <!-- Demo -->
  <testcase name="MobilesignoutcarLoan" time="0.002" classname="seleniumTest.Project.day3TestNg"/>
  <testcase name="ploan" time="0.003" classname="seleniumTest.Project.day2TestNg"/>
  <testcase name="MobilesignoutcarLoan" time="0.001" classname="seleniumTest.Project.day3TestNg"/>
  <testcase name="MobilesignoutcarLoan" time="0.002" classname="seleniumTest.Project.day3TestNg"/>
  <testcase name="LoginAPIHomeLoan" time="0.01" classname="seleniumTest.Project.day4TestNg"/>
  <testcase name="MobileLoginHomeLoan" time="0.002" classname="seleniumTest.Project.day4TestNg"/>
  <testcase name="WebloginHomeLoan" time="0.002" classname="seleniumTest.Project.day4TestNg"/>
  <testcase name="SecondTest" time="0.0" classname="seleniumTest.Project.day1TestNg">
    <ignored/>
  </testcase> <!-- SecondTest -->
</testsuite> <!-- Personal Loan -->
