<?xml version="1.0" encoding="UTF-8"?>
<!-- Generated by org.testng.reporters.JUnitXMLReporter -->
<testsuite hostname="Farrukhs-MBP.fios-router.home" ignored="1" name="Test" tests="7" failures="1" timestamp="2020-08-03T13:02:09 EDT" time="0.074" errors="0">
  <testcase name="MobileLogincarLoan" time="0.006" classname="seleniumTest.Project.day3TestNg"/>
  <testcase name="WebloginCarLoan" time="0.0" classname="seleniumTest.Project.day3TestNg">
    <failure type="org.testng.TestNGException" message="
Parameter &amp;apos;URL&amp;apos; is required by @Test on method WebloginCarLoan but has not been marked @Optional or defined
in /Users/farrukhka/eclipse-workspace/Project/testng4.xml">
      <![CDATA[org.testng.TestNGException: 
Parameter 'URL' is required by @Test on method WebloginCarLoan but has not been marked @Optional or defined
in /Users/farrukhka/eclipse-workspace/Project/testng4.xml
at java.util.ArrayList.forEach(ArrayList.java:1257)
... Removed 26 stack frames]]>
    </failure>
  </testcase> <!-- WebloginCarLoan -->
  <testcase name="dependenceMethod" time="0.002" classname="seleniumTest.Project.day3TestNg"/>
  <testcase name="MobilesignoutcarLoan" time="0.002" classname="seleniumTest.Project.day3TestNg"/>
  <testcase name="MobilesignoutcarLoan" time="0.001" classname="seleniumTest.Project.day3TestNg"/>
  <testcase name="MobilesignoutcarLoan" time="0.001" classname="seleniumTest.Project.day3TestNg"/>
  <testcase name="LoginAPIcarLoan" time="0.0" classname="seleniumTest.Project.day3TestNg">
    <skipped/>
  </testcase> <!-- LoginAPIcarLoan -->
  <testcase name="MobilesignincarLoan" time="0.0" classname="seleniumTest.Project.day3TestNg">
    <ignored/>
  </testcase> <!-- MobilesignincarLoan -->
</testsuite> <!-- Test -->
