<?xml version="1.0" encoding="UTF-8"?>
<!-- Generated by org.testng.reporters.JUnitReportReporter -->
<testsuite skipped="2" hostname="Farrukhs-MBP.fios-router.home" name="seleniumTest.Project.day3TestNg" tests="8" failures="0" timestamp="2020-08-03T15:59:03 EDT" time="0.018" errors="1">
  <testcase name="WebloginCarLoan" time="0.000" classname="seleniumTest.Project.day3TestNg">
    <error type="org.testng.TestNGException" message="
Parameter &#039;URL&#039; is required by @Test on method WebloginCarLoan but has not been marked @Optional or defined
in /private/var/folders/01/rh9sb7_50yl45w8jqkztf2z80000gn/T/testng-eclipse-1791261097/testng-customsuite.xml">
      <![CDATA[org.testng.TestNGException: 
Parameter 'URL' is required by @Test on method WebloginCarLoan but has not been marked @Optional or defined
in /private/var/folders/01/rh9sb7_50yl45w8jqkztf2z80000gn/T/testng-eclipse-1791261097/testng-customsuite.xml
at org.testng.internal.Parameters.createParams(Parameters.java:272)
at org.testng.internal.Parameters.createParametersForMethod(Parameters.java:360)
at org.testng.internal.Parameters.createParameters(Parameters.java:704)
at org.testng.internal.Parameters.handleParameters(Parameters.java:879)
at org.testng.internal.Parameters.handleParameters(Parameters.java:744)
at org.testng.internal.ParameterHandler.handleParameters(ParameterHandler.java:59)
at org.testng.internal.ParameterHandler.createParameters(ParameterHandler.java:38)
at org.testng.internal.TestInvoker$MethodInvocationAgent.invoke(TestInvoker.java:783)
at org.testng.internal.TestInvoker.invokeTestMethods(TestInvoker.java:146)
at org.testng.internal.TestMethodWorker.invokeTestMethods(TestMethodWorker.java:146)
at org.testng.internal.TestMethodWorker.run(TestMethodWorker.java:128)
at java.util.ArrayList.forEach(ArrayList.java:1257)
at org.testng.TestRunner.privateRun(TestRunner.java:766)
at org.testng.TestRunner.run(TestRunner.java:587)
at org.testng.SuiteRunner.runTest(SuiteRunner.java:384)
at org.testng.SuiteRunner.runSequentially(SuiteRunner.java:378)
at org.testng.SuiteRunner.privateRun(SuiteRunner.java:337)
at org.testng.SuiteRunner.run(SuiteRunner.java:286)
at org.testng.SuiteRunnerWorker.runSuite(SuiteRunnerWorker.java:53)
at org.testng.SuiteRunnerWorker.run(SuiteRunnerWorker.java:96)
at org.testng.TestNG.runSuitesSequentially(TestNG.java:1187)
at org.testng.TestNG.runSuitesLocally(TestNG.java:1109)
at org.testng.TestNG.runSuites(TestNG.java:1039)
at org.testng.TestNG.run(TestNG.java:1007)
at org.testng.remote.AbstractRemoteTestNG.run(AbstractRemoteTestNG.java:115)
at org.testng.remote.RemoteTestNG.initAndRun(RemoteTestNG.java:251)
at org.testng.remote.RemoteTestNG.main(RemoteTestNG.java:77)
]]>
    </error>
  </testcase> <!-- WebloginCarLoan -->
  <system-out/>
  <testcase name="MobilesignoutcarLoan" time="0.002" classname="seleniumTest.Project.day3TestNg"/>
  <system-out/>
  <testcase name="MobilesignoutcarLoan" time="0.003" classname="seleniumTest.Project.day3TestNg"/>
  <system-out/>
  <testcase name="dependenceMethod" time="0.003" classname="seleniumTest.Project.day3TestNg"/>
  <system-out/>
  <testcase name="LoginAPIcarLoan" time="0.001" classname="seleniumTest.Project.day3TestNg">
    <skipped/>
  </testcase> <!-- LoginAPIcarLoan -->
  <system-out/>
  <testcase name="MobileLogincarLoan" time="0.008" classname="seleniumTest.Project.day3TestNg"/>
  <system-out/>
  <testcase name="MobilesignoutcarLoan" time="0.001" classname="seleniumTest.Project.day3TestNg"/>
  <system-out/>
  <testcase name="MobilesignincarLoan" classname="seleniumTest.Project.day3TestNg">
    <skipped/>
  </testcase> <!-- MobilesignincarLoan -->
  <system-out/>
</testsuite> <!-- seleniumTest.Project.day3TestNg -->
