<?xml version="1.0" encoding="UTF-8"?>
<!-- Generated by org.testng.reporters.JUnitXMLReporter -->
<testsuite hostname="Farrukhs-MBP.fios-router.home" ignored="1" name="Personal Loan" tests="14" failures="3" timestamp="2020-08-03T14:32:31 EDT" time="0.082" errors="0">
  <testcase name="LoginAPIHomeLoan" time="0.004" classname="seleniumTest.Project.day4TestNg"/>
  <testcase name="MobileLoginHomeLoan" time="0.001" classname="seleniumTest.Project.day4TestNg"/>
  <testcase name="WebloginHomeLoan" time="0.0" classname="seleniumTest.Project.day4TestNg">
    <failure type="org.testng.TestNGException" message="
Parameter &amp;apos;URL&amp;apos; is required by @Test on method WebloginHomeLoan but has not been marked @Optional or defined
in /Users/farrukhka/eclipse-workspace/Project/testng2.xml">
      <![CDATA[org.testng.TestNGException: 
Parameter 'URL' is required by @Test on method WebloginHomeLoan but has not been marked @Optional or defined
in /Users/farrukhka/eclipse-workspace/Project/testng2.xml
at java.util.ArrayList.forEach(ArrayList.java:1257)
... Removed 26 stack frames]]>
    </failure>
  </testcase> <!-- WebloginHomeLoan -->
  <testcase name="MobileLogincarLoan" time="0.002" classname="seleniumTest.Project.day3TestNg"/>
  <testcase name="WebloginCarLoan" time="0.0" classname="seleniumTest.Project.day3TestNg">
    <failure type="org.testng.TestNGException" message="
Parameter &amp;apos;URL&amp;apos; is required by @Test on method WebloginCarLoan but has not been marked @Optional or defined
in /Users/farrukhka/eclipse-workspace/Project/testng2.xml">
      <![CDATA[org.testng.TestNGException: 
Parameter 'URL' is required by @Test on method WebloginCarLoan but has not been marked @Optional or defined
in /Users/farrukhka/eclipse-workspace/Project/testng2.xml
at java.util.ArrayList.forEach(ArrayList.java:1257)
... Removed 26 stack frames]]>
    </failure>
  </testcase> <!-- WebloginCarLoan -->
  <testcase name="dependenceMethod" time="0.001" classname="seleniumTest.Project.day3TestNg"/>
  <testcase name="MobilesignoutcarLoan" time="0.001" classname="seleniumTest.Project.day3TestNg"/>
  <testcase name="MobilesignoutcarLoan" time="0.001" classname="seleniumTest.Project.day3TestNg"/>
  <testcase name="MobilesignoutcarLoan" time="0.0" classname="seleniumTest.Project.day3TestNg"/>
  <testcase name="shouldAnswerWithTrue" time="0.008" classname="seleniumTest.Project.AppTest"/>
  <testcase name="LoginAPIcarLoan" time="0.0" classname="seleniumTest.Project.day3TestNg">
    <skipped/>
  </testcase> <!-- LoginAPIcarLoan -->
  <testcase name="Demo" time="0.003" classname="seleniumTest.Project.day1TestNg">
    <failure type="java.lang.AssertionError" message="expected [true] but found [false]">
      <![CDATA[java.lang.AssertionError: expected [true] but found [false]
at seleniumTest.Project.day1TestNg.Demo(day1TestNg.java:20)
at java.util.ArrayList.forEach(ArrayList.java:1257)
... Removed 31 stack frames]]>
    </failure>
  </testcase> <!-- Demo -->
  <testcase name="SecondTest" time="0.001" classname="seleniumTest.Project.day1TestNg"/>
  <testcase name="ploan" time="0.0" classname="seleniumTest.Project.day2TestNg"/>
  <testcase name="MobilesignincarLoan" time="0.0" classname="seleniumTest.Project.day3TestNg">
    <ignored/>
  </testcase> <!-- MobilesignincarLoan -->
</testsuite> <!-- Personal Loan -->
